<?xml version="1.0" encoding="UTF-8"?>
<!-- Generated by org.testng.reporters.JUnitReportReporter -->
<testsuite skipped="0" hostname="Dell-Satyamsingh" name="com.seleniumproject.mvn_selenium_testing.AppTest" tests="1" failures="0" timestamp="2020-06-12T18:40:52 IST" time="8.106" errors="0">
  <testcase name="setup" time="8.106" classname="com.seleniumproject.mvn_selenium_testing.AppTest"/>
  <system-out/>
</testsuite> <!-- com.seleniumproject.mvn_selenium_testing.AppTest -->
